<?xml version="1.0" encoding="UTF-8" ?>
<testsuite errors="0" failures="0" hostname="dosi-Latitude-5520" name="fr.ubo.tetris.TestShape" skipped="0" tests="1" time="0.022" timestamp="2024-10-16T12:23:51">
  <properties>
    <property name="ant.library.dir" value="/usr/share/ant/lib" />
    <property name="ant.file.type" value="file" />
    <property name="java.specification.version" value="17" />
    <property name="ant.project.name" value="Compilation de Tetris" />
    <property name="sun.jnu.encoding" value="UTF-8" />
    <property name="java.class.path" value="/usr/share/ant/lib/ant-launcher.jar:/home/dosi/.ant/lib/ivy-2.5.2.jar:/usr/share/ant/lib/ant-apache-log4j.jar:/usr/share/ant/lib/ant-commons-net.jar:/usr/share/ant/lib/ant-jmf.jar:/usr/share/ant/lib/ant-testutil.jar:/usr/share/ant/lib/ant-launcher.jar:/usr/share/ant/lib/ant-apache-regexp.jar:/usr/share/ant/lib/ant-javamail.jar:/usr/share/ant/lib/ant-antlr.jar:/usr/share/ant/lib/ant.jar:/usr/share/ant/lib/ant-apache-oro.jar:/usr/share/ant/lib/ant-jdepend.jar:/usr/share/ant/lib/ant-apache-bsf.jar:/usr/share/ant/lib/ant-xz.jar:/usr/share/ant/lib/ant-jsch.jar:/usr/share/ant/lib/ivy-2.5.2.jar:/usr/share/ant/lib/ant-junit.jar:/usr/share/ant/lib/ant-junit4.jar:/usr/share/ant/lib/ant-commons-logging.jar:/usr/share/ant/lib/ant-swing.jar:/usr/share/ant/lib/ant-apache-resolver.jar:/usr/share/ant/lib/ant-apache-xalan2.jar:/usr/share/ant/lib/ant-apache-bcel.jar" />
    <property name="java.vm.vendor" value="Ubuntu" />
    <property name="test.reports" value="/home/dosi/eclipse-workspace/tp-apache-ant/test-reports" />
    <property name="sun.arch.data.model" value="64" />
    <property name="main-class" value="fr.ubo.tetris.Tetris" />
    <property name="java.vendor.url" value="https://ubuntu.com/" />
    <property name="os.name" value="Linux" />
    <property name="java.vm.specification.version" value="17" />
    <property name="sun.java.launcher" value="SUN_STANDARD" />
    <property name="user.country" value="FR" />
    <property name="sun.boot.library.path" value="/usr/lib/jvm/java-17-openjdk-amd64/lib" />
    <property name="sun.java.command" value="org.apache.tools.ant.launch.Launcher -cp  test" />
    <property name="jdk.debug" value="release" />
    <property name="sun.cpu.endian" value="little" />
    <property name="test.dir" value="test" />
    <property name="user.home" value="/home/dosi" />
    <property name="user.language" value="fr" />
    <property name="sun.stderr.encoding" value="UTF-8" />
    <property name="java.specification.vendor" value="Oracle Corporation" />
    <property name="java.version.date" value="2024-07-16" />
    <property name="version" value="1.0" />
    <property name="java.home" value="/usr/lib/jvm/java-17-openjdk-amd64" />
    <property name="basedir" value="/home/dosi/eclipse-workspace/tp-apache-ant" />
    <property name="file.separator" value="/" />
    <property name="java.vm.compressedOopsMode" value="Zero based" />
    <property name="line.separator" value="&#xa;" />
    <property name="sun.stdout.encoding" value="UTF-8" />
    <property name="ant.java.version" value="17" />
    <property name="java.specification.name" value="Java Platform API Specification" />
    <property name="java.vm.specification.vendor" value="Oracle Corporation" />
    <property name="doc.dir" value="/home/dosi/eclipse-workspace/tp-apache-ant/javadoc" />
    <property name="test.results.dir" value="bin/test-results" />
    <property name="ant.file.Compilation de Tetris" value="/home/dosi/eclipse-workspace/tp-apache-ant/build.xml" />
    <property name="libs.dir" value="/home/dosi/eclipse-workspace/tp-apache-ant/lib" />
    <property name="ant.file.type.Compilation de Tetris" value="file" />
    <property name="sun.management.compiler" value="HotSpot 64-Bit Tiered Compilers" />
    <property name="java.runtime.version" value="17.0.12+7-Ubuntu-1ubuntu222.04" />
    <property name="user.name" value="dosi" />
    <property name="ant.file" value="/home/dosi/eclipse-workspace/tp-apache-ant/build.xml" />
    <property name="path.separator" value=":" />
    <property name="os.version" value="6.8.0-45-generic" />
    <property name="java.runtime.name" value="OpenJDK Runtime Environment" />
    <property name="file.encoding" value="UTF-8" />
    <property name="ant.project.invoked-targets" value="test" />
    <property name="java.vm.name" value="OpenJDK 64-Bit Server VM" />
    <property name="compile.classpath" value="/home/dosi/eclipse-workspace/tp-apache-ant/lib/commons-lang3-3.5.jar;lib/hamcrest-core-1.3.jar;lib/hamcrest-all-1.3.jar;lib/junit-4.13.2.jar" />
    <property name="ant.core.lib" value="/usr/share/ant/lib/ant.jar" />
    <property name="java.vendor.url.bug" value="https://bugs.launchpad.net/ubuntu/+source/openjdk-17" />
    <property name="java.io.tmpdir" value="/tmp" />
    <property name="java.version" value="17.0.12" />
    <property name="user.dir" value="/home/dosi/eclipse-workspace/tp-apache-ant" />
    <property name="os.arch" value="amd64" />
    <property name="java.vm.specification.name" value="Java Virtual Machine Specification" />
    <property name="ant.home" value="/usr/share/ant" />
    <property name="obj.dir" value="/home/dosi/eclipse-workspace/tp-apache-ant/bin" />
    <property name="native.encoding" value="UTF-8" />
    <property name="ant.version" value="Apache Ant(TM) version 1.10.12 compiled on January 17 1970" />
    <property name="java.library.path" value="/usr/java/packages/lib:/usr/lib/x86_64-linux-gnu/jni:/lib/x86_64-linux-gnu:/usr/lib/x86_64-linux-gnu:/usr/lib/jni:/lib:/usr/lib" />
    <property name="java.vendor" value="Ubuntu" />
    <property name="java.vm.info" value="mixed mode, sharing" />
    <property name="java.vm.version" value="17.0.12+7-Ubuntu-1ubuntu222.04" />
    <property name="sun.io.unicode.encoding" value="UnicodeLittle" />
    <property name="java.class.version" value="61.0" />
    <property name="src.dir" value="/home/dosi/eclipse-workspace/tp-apache-ant/src" />
    <property name="ant.project.default-target" value="dist" />
  </properties>
  <testcase classname="fr.ubo.tetris.TestShape" name="setRandomShape" time="0.002" />
  <system-out><![CDATA[]]></system-out>
  <system-err><![CDATA[]]></system-err>
</testsuite>
