<?xml version="1.0" encoding="UTF-8" ?>
<testsuite errors="0" failures="0" hostname="dosi-Latitude-5520" name="fr.ubo.tetris.TestShape" skipped="0" tests="1" time="0.033" timestamp="2024-10-14T10:01:45">
  <properties>
    <property name="ant.library.dir" value="/home/dosi/.p2/pool/plugins/org.apache.ant_1.10.14.v20230922-1200/lib" />
    <property name="java.specification.version" value="21" />
    <property name="ant.project.name" value="Compilation de Tetris" />
    <property name="sun.jnu.encoding" value="UTF-8" />
    <property name="java.class.path" value="/home/dosi/.p2/pool/plugins/org.apache.ant_1.10.14.v20230922-1200/lib/ant-antlr.jar:/home/dosi/.p2/pool/plugins/org.apache.ant_1.10.14.v20230922-1200/lib/ant-apache-bcel.jar:/home/dosi/.p2/pool/plugins/org.apache.ant_1.10.14.v20230922-1200/lib/ant-apache-bsf.jar:/home/dosi/.p2/pool/plugins/org.apache.ant_1.10.14.v20230922-1200/lib/ant-apache-log4j.jar:/home/dosi/.p2/pool/plugins/org.apache.ant_1.10.14.v20230922-1200/lib/ant-apache-oro.jar:/home/dosi/.p2/pool/plugins/org.apache.ant_1.10.14.v20230922-1200/lib/ant-apache-regexp.jar:/home/dosi/.p2/pool/plugins/org.apache.ant_1.10.14.v20230922-1200/lib/ant-apache-resolver.jar:/home/dosi/.p2/pool/plugins/org.apache.ant_1.10.14.v20230922-1200/lib/ant-apache-xalan2.jar:/home/dosi/.p2/pool/plugins/org.apache.ant_1.10.14.v20230922-1200/lib/ant-commons-logging.jar:/home/dosi/.p2/pool/plugins/org.apache.ant_1.10.14.v20230922-1200/lib/ant-commons-net.jar:/home/dosi/.p2/pool/plugins/org.apache.ant_1.10.14.v20230922-1200/lib/ant-imageio.jar:/home/dosi/.p2/pool/plugins/org.apache.ant_1.10.14.v20230922-1200/lib/ant-jakartamail.jar:/home/dosi/.p2/pool/plugins/org.apache.ant_1.10.14.v20230922-1200/lib/ant-javamail.jar:/home/dosi/.p2/pool/plugins/org.apache.ant_1.10.14.v20230922-1200/lib/ant-jdepend.jar:/home/dosi/.p2/pool/plugins/org.apache.ant_1.10.14.v20230922-1200/lib/ant-jmf.jar:/home/dosi/.p2/pool/plugins/org.apache.ant_1.10.14.v20230922-1200/lib/ant-jsch.jar:/home/dosi/.p2/pool/plugins/org.apache.ant_1.10.14.v20230922-1200/lib/ant-junit.jar:/home/dosi/.p2/pool/plugins/org.apache.ant_1.10.14.v20230922-1200/lib/ant-junit4.jar:/home/dosi/.p2/pool/plugins/org.apache.ant_1.10.14.v20230922-1200/lib/ant-junitlauncher.jar:/home/dosi/.p2/pool/plugins/org.apache.ant_1.10.14.v20230922-1200/lib/ant-launcher.jar:/home/dosi/.p2/pool/plugins/org.apache.ant_1.10.14.v20230922-1200/lib/ant-netrexx.jar:/home/dosi/.p2/pool/plugins/org.apache.ant_1.10.14.v20230922-1200/lib/ant-swing.jar:/home/dosi/.p2/pool/plugins/org.apache.ant_1.10.14.v20230922-1200/lib/ant-testutil.jar:/home/dosi/.p2/pool/plugins/org.apache.ant_1.10.14.v20230922-1200/lib/ant-xz.jar:/home/dosi/.p2/pool/plugins/org.apache.ant_1.10.14.v20230922-1200/lib/ant.jar:/home/dosi/.ant/lib/ivy-2.5.2.jar:/home/dosi/eclipse-workspace/TetrisAnt/lib/junit-4.12.jar:/home/dosi/eclipse-workspace/TetrisAnt/lib/hamcrest-all-1.3.jar:/home/dosi/eclipse-workspace/TetrisAnt/lib/hamcrest-core-1.3.jar:/home/dosi/eclipse/java-2024-09/eclipse/configuration/org.eclipse.osgi/85/0/.cp/lib/antdebug.jar:/home/dosi/eclipse/java-2024-09/eclipse/configuration/org.eclipse.osgi/85/0/.cp/lib/remote.jar:/home/dosi/eclipse/java-2024-09/eclipse/configuration/org.eclipse.osgi/86/0/.cp/lib/remoteAnt.jar:/home/dosi/.p2/pool/plugins/org.eclipse.swt.gtk.linux.x86_64_3.127.0.v20240903-0618.jar" />
    <property name="java.vm.vendor" value="Eclipse Adoptium" />
    <property name="sun.arch.data.model" value="64" />
    <property name="test.reports" value="/home/dosi/eclipse-workspace/TetrisAnt/test-reports" />
    <property name="main-class" value="fr.ubo.tetris.Tetris" />
    <property name="java.vendor.url" value="https://adoptium.net/" />
    <property name="java.vm.specification.version" value="21" />
    <property name="os.name" value="Linux" />
    <property name="user.country" value="FR" />
    <property name="sun.java.launcher" value="SUN_STANDARD" />
    <property name="sun.boot.library.path" value="/home/dosi/.p2/pool/plugins/org.eclipse.justj.openjdk.hotspot.jre.full.linux.x86_64_21.0.4.v20240802-1551/jre/lib" />
    <property name="sun.java.command" value="org.eclipse.ant.internal.launching.remote.InternalAntRunner -Dorg.eclipse.ant.core.ANT_PROCESS_ID=1728900105228 -Declipse.connect.port=37937 -Dant.home=/home/dosi/.p2/pool/plugins/org.apache.ant_1.10.14.v20230922-1200 -Djava.security.manager=allow -logger org.eclipse.ant.internal.launching.remote.logger.RemoteAntBuildLogger -inputhandler org.eclipse.ant.internal.ui.antsupport.inputhandler.ProxyInputHandler -buildfile /home/dosi/eclipse-workspace/TetrisAnt/build.xml test" />
    <property name="jdk.debug" value="release" />
    <property name="test.dir" value="test" />
    <property name="sun.cpu.endian" value="little" />
    <property name="user.home" value="/home/dosi" />
    <property name="user.language" value="fr" />
    <property name="java.specification.vendor" value="Oracle Corporation" />
    <property name="java.version.date" value="2024-07-16" />
    <property name="version" value="1.0" />
    <property name="java.home" value="/home/dosi/.p2/pool/plugins/org.eclipse.justj.openjdk.hotspot.jre.full.linux.x86_64_21.0.4.v20240802-1551/jre" />
    <property name="basedir" value="/home/dosi/eclipse-workspace/TetrisAnt" />
    <property name="file.separator" value="/" />
    <property name="java.vm.compressedOopsMode" value="Zero based" />
    <property name="line.separator" value="&#xa;" />
    <property name="ant.java.version" value="21" />
    <property name="java.specification.name" value="Java Platform API Specification" />
    <property name="java.vm.specification.vendor" value="Oracle Corporation" />
    <property name="doc.dir" value="/home/dosi/eclipse-workspace/TetrisAnt/javadoc" />
    <property name="test.results.dir" value="bin/test-results" />
    <property name="ant.file.Compilation de Tetris" value="/home/dosi/eclipse-workspace/TetrisAnt/build.xml" />
    <property name="libs.dir" value="/home/dosi/eclipse-workspace/TetrisAnt/lib" />
    <property name="ant.file.type.Compilation de Tetris" value="file" />
    <property name="sun.management.compiler" value="HotSpot 64-Bit Tiered Compilers" />
    <property name="java.runtime.version" value="21.0.4+7-LTS" />
    <property name="java.security.manager" value="allow" />
    <property name="user.name" value="dosi" />
    <property name="ant.file" value="/home/dosi/eclipse-workspace/TetrisAnt/build.xml" />
    <property name="stdout.encoding" value="UTF-8" />
    <property name="path.separator" value=":" />
    <property name="os.version" value="6.8.0-45-generic" />
    <property name="java.runtime.name" value="OpenJDK Runtime Environment" />
    <property name="file.encoding" value="UTF-8" />
    <property name="ant.project.invoked-targets" value="test" />
    <property name="java.vm.name" value="OpenJDK 64-Bit Server VM" />
    <property name="java.vendor.version" value="Temurin-21.0.4+7" />
    <property name="compile.classpath" value="/home/dosi/eclipse-workspace/TetrisAnt/lib/commons-lang3-3.5.jar;lib/hamcrest-core-1.3.jar;lib/hamcrest-all-1.3.jar;lib/junit-4.13.2.jar" />
    <property name="ant.core.lib" value="/home/dosi/.p2/pool/plugins/org.apache.ant_1.10.14.v20230922-1200/lib/ant.jar" />
    <property name="java.vendor.url.bug" value="https://github.com/adoptium/adoptium-support/issues" />
    <property name="java.io.tmpdir" value="/tmp" />
    <property name="java.version" value="21.0.4" />
    <property name="user.dir" value="/home/dosi/eclipse-workspace/TetrisAnt" />
    <property name="os.arch" value="amd64" />
    <property name="java.vm.specification.name" value="Java Virtual Machine Specification" />
    <property name="ant.home" value="/home/dosi/.p2/pool/plugins/org.apache.ant_1.10.14.v20230922-1200" />
    <property name="obj.dir" value="/home/dosi/eclipse-workspace/TetrisAnt/bin" />
    <property name="native.encoding" value="UTF-8" />
    <property name="ant.version" value="Apache Ant(TM) version 1.10.14 compiled on August 16 2023" />
    <property name="java.library.path" value="/usr/java/packages/lib:/usr/lib64:/lib64:/lib:/usr/lib:/home/dosi/eclipse/java-2024-09/eclipse/configuration/org.eclipse.osgi/418/0/.cp" />
    <property name="java.vendor" value="Eclipse Adoptium" />
    <property name="stderr.encoding" value="UTF-8" />
    <property name="java.vm.info" value="mixed mode" />
    <property name="java.vm.version" value="21.0.4+7-LTS" />
    <property name="sun.io.unicode.encoding" value="UnicodeLittle" />
    <property name="java.class.version" value="65.0" />
    <property name="src.dir" value="/home/dosi/eclipse-workspace/TetrisAnt/src" />
    <property name="ant.project.default-target" value="dist" />
  </properties>
  <testcase classname="fr.ubo.tetris.TestShape" name="setRandomShape" time="0.002" />
  <system-out><![CDATA[]]></system-out>
  <system-err><![CDATA[]]></system-err>
</testsuite>
